<?xml version="1.0" encoding="UTF-8"?>
<!-- Generated by org.testng.reporters.JUnitReportReporter -->
<testsuite skipped="0" hostname="lorena-caldas" name="runner.RunCukesTest" tests="1" failures="0" timestamp="02 jul 2018 00:26:21 GMT" time="0.044" errors="0">
  <testcase name="feature" time="0.044" classname="runner.RunCukesTest"/>
</testsuite> <!-- runner.RunCukesTest -->
